<?xml version="1.0" encoding="UTF-8"?>
<!-- Generated by org.testng.reporters.JUnitReportReporter -->
<testsuite hostname="DESKTOP-H80GK1Q" failures="0" tests="1" name="ahsaasprogram.scheeme" time="32.396" errors="0" timestamp="2023-05-02T10:47:24 PKT" skipped="0">
  <testcase classname="ahsaasprogram.scheeme" name="mouseactions" time="32.396"/>
  <system-out/>
</testsuite> <!-- ahsaasprogram.scheeme -->
